<?xml version="1.0" encoding="UTF-8"?>
<!-- Generated by org.testng.reporters.JUnitReportReporter -->
<testsuite hostname="mute" failures="0" tests="1" name="appium1.appiumTesting" time="12.847" errors="0" timestamp="2024-02-29T20:31:02 EET" skipped="0">
  <testcase classname="appium1.appiumTesting" name="addNumbers" time="12.847"/>
  <system-out/>
</testsuite> <!-- appium1.appiumTesting -->
