<?xml version="1.0" encoding="UTF-8"?>
<!-- Generated by org.testng.reporters.JUnitReportReporter -->
<testsuite hostname="mute" failures="0" tests="1" name="testingFiles.subtractionTwoNumbers" time="27.433" errors="0" timestamp="2024-03-02T18:01:02 EET" skipped="0">
  <testcase classname="testingFiles.subtractionTwoNumbers" name="addNumbers" time="27.433"/>
  <system-out/>
</testsuite> <!-- testingFiles.subtractionTwoNumbers -->
