<?xml version="1.0" encoding="UTF-8"?>
<!-- Generated by org.testng.reporters.JUnitReportReporter -->
<testsuite hostname="mute" failures="0" tests="1" name="testingFiles.addTwoNumbers" time="24.217" errors="0" timestamp="2024-03-02T19:21:38 EET" skipped="0">
  <testcase classname="testingFiles.addTwoNumbers" name="addNumbers" time="24.217"/>
  <system-out/>
</testsuite> <!-- testingFiles.addTwoNumbers -->
