<?xml version="1.0" encoding="UTF-8"?>
<!-- Generated by org.testng.reporters.JUnitReportReporter -->
<testsuite hostname="mute" failures="0" tests="1" name="testingFiles.powerTwoNumbers" time="18.447" errors="0" timestamp="2024-03-02T19:24:06 EET" skipped="0">
  <testcase classname="testingFiles.powerTwoNumbers" name="addNumbers" time="18.447"/>
  <system-out/>
</testsuite> <!-- testingFiles.powerTwoNumbers -->
