<?xml version="1.0" encoding="UTF-8"?>
<!-- Generated by org.testng.reporters.JUnitReportReporter -->
<testsuite hostname="mute" failures="0" tests="1" name="testingFiles.multiplicationTwoNumbers" time="23.745" errors="0" timestamp="2024-03-02T19:23:08 EET" skipped="0">
  <testcase classname="testingFiles.multiplicationTwoNumbers" name="addNumbers" time="23.745"/>
  <system-out/>
</testsuite> <!-- testingFiles.multiplicationTwoNumbers -->
