<?xml version="1.0" encoding="UTF-8"?>
<!-- Generated by org.testng.reporters.JUnitReportReporter -->
<testsuite hostname="mute" failures="0" tests="1" name="testingFiles.SqrtNumber" time="18.511" errors="0" timestamp="2024-03-02T19:24:57 EET" skipped="0">
  <testcase classname="testingFiles.SqrtNumber" name="addNumbers" time="18.511"/>
  <system-out/>
</testsuite> <!-- testingFiles.SqrtNumber -->
