<?xml version="1.0" encoding="UTF-8"?>
<!-- Generated by org.testng.reporters.JUnitReportReporter -->
<testsuite hostname="mute" failures="0" tests="1" name="testingFiles.FactorialNumbers" time="22.970" errors="0" timestamp="2024-03-02T19:22:22 EET" skipped="0">
  <testcase classname="testingFiles.FactorialNumbers" name="addNumbers" time="22.970"/>
  <system-out/>
</testsuite> <!-- testingFiles.FactorialNumbers -->
